[02:14:51] [main/INFO]: Setting user: Player691
[02:14:52] [Client thread/INFO]: LWJGL Version: 2.9.1
[02:14:57] [Client thread/INFO]: Reloading ResourceManager: Default, FMLFileResourcePack:Forge Mod Loader, FMLFileResourcePack:Minecraft Forge, FMLFileResourcePack:The Bat Belt
[02:14:58] [Sound Library Loader/INFO]: Sound engine started
[02:14:59] [Client thread/INFO]: Created: 512x256 textures/blocks-atlas
[02:14:59] [Client thread/ERROR]: Using missing texture, unable to load minecraft:textures/items/MISSING_ICON_ITEM_4096_null.png
java.io.FileNotFoundException: minecraft:textures/items/MISSING_ICON_ITEM_4096_null.png
	at net.minecraft.client.resources.FallbackResourceManager.getResource(FallbackResourceManager.java:65) ~[FallbackResourceManager.class:?]
	at net.minecraft.client.resources.SimpleReloadableResourceManager.getResource(SimpleReloadableResourceManager.java:67) ~[SimpleReloadableResourceManager.class:?]
	at net.minecraft.client.renderer.texture.TextureMap.loadTextureAtlas(TextureMap.java:126) [TextureMap.class:?]
	at net.minecraft.client.renderer.texture.TextureMap.loadTexture(TextureMap.java:91) [TextureMap.class:?]
	at net.minecraft.client.renderer.texture.TextureManager.loadTexture(TextureManager.java:89) [TextureManager.class:?]
	at net.minecraft.client.renderer.texture.TextureManager.loadTickableTexture(TextureManager.java:71) [TextureManager.class:?]
	at net.minecraft.client.renderer.texture.TextureManager.loadTextureMap(TextureManager.java:58) [TextureManager.class:?]
	at net.minecraft.client.Minecraft.startGame(Minecraft.java:583) [Minecraft.class:?]
	at net.minecraft.client.Minecraft.run(Minecraft.java:931) [Minecraft.class:?]
	at net.minecraft.client.main.Main.main(Main.java:164) [Main.class:?]
	at sun.reflect.NativeMethodAccessorImpl.invoke0(Native Method) ~[?:1.8.0_45]
	at sun.reflect.NativeMethodAccessorImpl.invoke(NativeMethodAccessorImpl.java:62) ~[?:1.8.0_45]
	at sun.reflect.DelegatingMethodAccessorImpl.invoke(DelegatingMethodAccessorImpl.java:43) ~[?:1.8.0_45]
	at java.lang.reflect.Method.invoke(Method.java:497) ~[?:1.8.0_45]
	at net.minecraft.launchwrapper.Launch.launch(Launch.java:135) [launchwrapper-1.11.jar:?]
	at net.minecraft.launchwrapper.Launch.main(Launch.java:28) [launchwrapper-1.11.jar:?]
	at net.minecraftforge.gradle.GradleStartCommon.launch(Unknown Source) [start/:?]
	at GradleStart.main(Unknown Source) [start/:?]
	at sun.reflect.NativeMethodAccessorImpl.invoke0(Native Method) ~[?:1.8.0_45]
	at sun.reflect.NativeMethodAccessorImpl.invoke(NativeMethodAccessorImpl.java:62) ~[?:1.8.0_45]
	at sun.reflect.DelegatingMethodAccessorImpl.invoke(DelegatingMethodAccessorImpl.java:43) ~[?:1.8.0_45]
	at java.lang.reflect.Method.invoke(Method.java:497) ~[?:1.8.0_45]
	at com.intellij.rt.execution.application.AppMain.main(AppMain.java:140) [idea_rt.jar:?]
[02:14:59] [Client thread/INFO]: Created: 256x256 textures/items-atlas
[02:14:59] [Client thread/INFO]: Reloading ResourceManager: Default, FMLFileResourcePack:Forge Mod Loader, FMLFileResourcePack:Minecraft Forge, FMLFileResourcePack:The Bat Belt
[02:14:59] [Client thread/INFO]: Created: 512x256 textures/blocks-atlas
[02:14:59] [Client thread/ERROR]: Using missing texture, unable to load minecraft:textures/items/MISSING_ICON_ITEM_4096_null.png
java.io.FileNotFoundException: minecraft:textures/items/MISSING_ICON_ITEM_4096_null.png
	at net.minecraft.client.resources.FallbackResourceManager.getResource(FallbackResourceManager.java:65) ~[FallbackResourceManager.class:?]
	at net.minecraft.client.resources.SimpleReloadableResourceManager.getResource(SimpleReloadableResourceManager.java:67) ~[SimpleReloadableResourceManager.class:?]
	at net.minecraft.client.renderer.texture.TextureMap.loadTextureAtlas(TextureMap.java:126) [TextureMap.class:?]
	at net.minecraft.client.renderer.texture.TextureMap.loadTexture(TextureMap.java:91) [TextureMap.class:?]
	at net.minecraft.client.renderer.texture.TextureManager.loadTexture(TextureManager.java:89) [TextureManager.class:?]
	at net.minecraft.client.renderer.texture.TextureManager.onResourceManagerReload(TextureManager.java:170) [TextureManager.class:?]
	at net.minecraft.client.resources.SimpleReloadableResourceManager.notifyReloadListeners(SimpleReloadableResourceManager.java:134) [SimpleReloadableResourceManager.class:?]
	at net.minecraft.client.resources.SimpleReloadableResourceManager.reloadResources(SimpleReloadableResourceManager.java:118) [SimpleReloadableResourceManager.class:?]
	at net.minecraft.client.Minecraft.refreshResources(Minecraft.java:643) [Minecraft.class:?]
	at cpw.mods.fml.client.FMLClientHandler.finishMinecraftLoading(FMLClientHandler.java:303) [FMLClientHandler.class:?]
	at net.minecraft.client.Minecraft.startGame(Minecraft.java:586) [Minecraft.class:?]
	at net.minecraft.client.Minecraft.run(Minecraft.java:931) [Minecraft.class:?]
	at net.minecraft.client.main.Main.main(Main.java:164) [Main.class:?]
	at sun.reflect.NativeMethodAccessorImpl.invoke0(Native Method) ~[?:1.8.0_45]
	at sun.reflect.NativeMethodAccessorImpl.invoke(NativeMethodAccessorImpl.java:62) ~[?:1.8.0_45]
	at sun.reflect.DelegatingMethodAccessorImpl.invoke(DelegatingMethodAccessorImpl.java:43) ~[?:1.8.0_45]
	at java.lang.reflect.Method.invoke(Method.java:497) ~[?:1.8.0_45]
	at net.minecraft.launchwrapper.Launch.launch(Launch.java:135) [launchwrapper-1.11.jar:?]
	at net.minecraft.launchwrapper.Launch.main(Launch.java:28) [launchwrapper-1.11.jar:?]
	at net.minecraftforge.gradle.GradleStartCommon.launch(Unknown Source) [start/:?]
	at GradleStart.main(Unknown Source) [start/:?]
	at sun.reflect.NativeMethodAccessorImpl.invoke0(Native Method) ~[?:1.8.0_45]
	at sun.reflect.NativeMethodAccessorImpl.invoke(NativeMethodAccessorImpl.java:62) ~[?:1.8.0_45]
	at sun.reflect.DelegatingMethodAccessorImpl.invoke(DelegatingMethodAccessorImpl.java:43) ~[?:1.8.0_45]
	at java.lang.reflect.Method.invoke(Method.java:497) ~[?:1.8.0_45]
	at com.intellij.rt.execution.application.AppMain.main(AppMain.java:140) [idea_rt.jar:?]
[02:14:59] [Client thread/INFO]: Created: 256x256 textures/items-atlas
[02:15:00] [Sound Library Loader/INFO]: Sound engine started
[02:15:04] [Server thread/INFO]: Starting integrated minecraft server version 1.7.10
[02:15:04] [Server thread/INFO]: Generating keypair
[02:15:04] [Server thread/INFO]: Preparing start region for level 0
[02:15:04] [Server thread/INFO]: Changing view distance to 12, from 10
[02:15:05] [Server thread/INFO]: Player691[local:E:35ddce43] logged in with entity id 253 at (-1413.4628799811849, 4.0, -622.488499760867)
[02:15:05] [Server thread/INFO]: Player691 joined the game
[02:15:07] [Server thread/INFO]: Player691 has just earned the achievement [Taking Inventory]
[02:15:07] [Client thread/INFO]: [CHAT] Player691 has just earned the achievement [Taking Inventory]
[02:15:33] [Server thread/INFO]: Saving and pausing game...
[02:15:33] [Server thread/INFO]: Saving chunks for level 'New World'/Overworld
[02:15:33] [Server thread/INFO]: Saving chunks for level 'New World'/Nether
[02:15:33] [Server thread/INFO]: Saving chunks for level 'New World'/The End
[02:15:35] [Client thread/INFO]: [CHAT] /gamemode, /gamerule
[02:15:36] [Client thread/INFO]: [CHAT] survival, creative, adventure
[02:15:36] [Server thread/INFO]: [Player691: Set own game mode to Survival Mode]
[02:15:36] [Client thread/INFO]: [CHAT] Your game mode has been updated
[02:15:45] [Server thread/INFO]: Saving and pausing game...
[02:15:45] [Server thread/INFO]: Saving chunks for level 'New World'/Overworld
[02:15:46] [Server thread/INFO]: Saving chunks for level 'New World'/Nether
[02:15:46] [Server thread/INFO]: Saving chunks for level 'New World'/The End
[02:15:46] [Server thread/INFO]: Stopping server
[02:15:46] [Server thread/INFO]: Saving players
[02:15:46] [Server thread/INFO]: Saving worlds
[02:15:46] [Server thread/INFO]: Saving chunks for level 'New World'/Overworld
[02:15:46] [Server thread/INFO]: Saving chunks for level 'New World'/Nether
[02:15:46] [Server thread/INFO]: Saving chunks for level 'New World'/The End
[02:15:53] [Client thread/INFO]: Stopping!
